Determining if the pthread_create exist failed with the following output:
Change Dir: /home/liyou/CAT/build/CMakeFiles/CMakeTmp

Run Build Command:"/usr/bin/make" "cmTC_56330/fast"
/usr/bin/make -f CMakeFiles/cmTC_56330.dir/build.make CMakeFiles/cmTC_56330.dir/build
make[1] : on entre dans le répertoire « /home/liyou/CAT/build/CMakeFiles/CMakeTmp »
Building C object CMakeFiles/cmTC_56330.dir/CheckSymbolExists.c.o
/usr/bin/cc     -o CMakeFiles/cmTC_56330.dir/CheckSymbolExists.c.o   -c /home/liyou/CAT/build/CMakeFiles/CMakeTmp/CheckSymbolExists.c
Linking C executable cmTC_56330
/usr/bin/cmake -E cmake_link_script CMakeFiles/cmTC_56330.dir/link.txt --verbose=1
/usr/bin/cc       CMakeFiles/cmTC_56330.dir/CheckSymbolExists.c.o  -o cmTC_56330 -rdynamic 
CMakeFiles/cmTC_56330.dir/CheckSymbolExists.c.o : Dans la fonction « main » :
CheckSymbolExists.c:(.text+0x16) : référence indéfinie vers « pthread_create »
collect2: error: ld returned 1 exit status
CMakeFiles/cmTC_56330.dir/build.make:97 : la recette pour la cible « cmTC_56330 » a échouée
make[1]: *** [cmTC_56330] Erreur 1
make[1] : on quitte le répertoire « /home/liyou/CAT/build/CMakeFiles/CMakeTmp »
Makefile:126 : la recette pour la cible « cmTC_56330/fast » a échouée
make: *** [cmTC_56330/fast] Erreur 2

File /home/liyou/CAT/build/CMakeFiles/CMakeTmp/CheckSymbolExists.c:
/* */
#include <pthread.h>

int main(int argc, char** argv)
{
  (void)argv;
#ifndef pthread_create
  return ((int*)(&pthread_create))[argc];
#else
  (void)argc;
  return 0;
#endif
}

Determining if the function pthread_create exists in the pthreads failed with the following output:
Change Dir: /home/liyou/CAT/build/CMakeFiles/CMakeTmp

Run Build Command:"/usr/bin/make" "cmTC_37643/fast"
/usr/bin/make -f CMakeFiles/cmTC_37643.dir/build.make CMakeFiles/cmTC_37643.dir/build
make[1] : on entre dans le répertoire « /home/liyou/CAT/build/CMakeFiles/CMakeTmp »
Building C object CMakeFiles/cmTC_37643.dir/CheckFunctionExists.c.o
/usr/bin/cc    -DCHECK_FUNCTION_EXISTS=pthread_create   -o CMakeFiles/cmTC_37643.dir/CheckFunctionExists.c.o   -c /usr/share/cmake-3.5/Modules/CheckFunctionExists.c
Linking C executable cmTC_37643
/usr/bin/cmake -E cmake_link_script CMakeFiles/cmTC_37643.dir/link.txt --verbose=1
/usr/bin/cc   -DCHECK_FUNCTION_EXISTS=pthread_create    CMakeFiles/cmTC_37643.dir/CheckFunctionExists.c.o  -o cmTC_37643 -rdynamic -lpthreads 
/usr/bin/ld : ne peut trouver -lpthreads
collect2: error: ld returned 1 exit status
CMakeFiles/cmTC_37643.dir/build.make:97 : la recette pour la cible « cmTC_37643 » a échouée
make[1]: *** [cmTC_37643] Erreur 1
make[1] : on quitte le répertoire « /home/liyou/CAT/build/CMakeFiles/CMakeTmp »
Makefile:126 : la recette pour la cible « cmTC_37643/fast » a échouée
make: *** [cmTC_37643/fast] Erreur 2


