Determining if the pthread_create exist failed with the following output:
Change Dir: /home/liyou/CAT/src-build/CMakeFiles/CMakeTmp

Run Build Command:"/usr/bin/make" "cmTC_5ca0c/fast"
/usr/bin/make -f CMakeFiles/cmTC_5ca0c.dir/build.make CMakeFiles/cmTC_5ca0c.dir/build
make[1] : on entre dans le répertoire « /home/liyou/CAT/src-build/CMakeFiles/CMakeTmp »
Building C object CMakeFiles/cmTC_5ca0c.dir/CheckSymbolExists.c.o
/usr/bin/cc     -o CMakeFiles/cmTC_5ca0c.dir/CheckSymbolExists.c.o   -c /home/liyou/CAT/src-build/CMakeFiles/CMakeTmp/CheckSymbolExists.c
Linking C executable cmTC_5ca0c
/usr/bin/cmake -E cmake_link_script CMakeFiles/cmTC_5ca0c.dir/link.txt --verbose=1
/usr/bin/cc       CMakeFiles/cmTC_5ca0c.dir/CheckSymbolExists.c.o  -o cmTC_5ca0c -rdynamic 
CMakeFiles/cmTC_5ca0c.dir/CheckSymbolExists.c.o : Dans la fonction « main » :
CheckSymbolExists.c:(.text+0x16) : référence indéfinie vers « pthread_create »
collect2: error: ld returned 1 exit status
CMakeFiles/cmTC_5ca0c.dir/build.make:97 : la recette pour la cible « cmTC_5ca0c » a échouée
make[1]: *** [cmTC_5ca0c] Erreur 1
make[1] : on quitte le répertoire « /home/liyou/CAT/src-build/CMakeFiles/CMakeTmp »
Makefile:126 : la recette pour la cible « cmTC_5ca0c/fast » a échouée
make: *** [cmTC_5ca0c/fast] Erreur 2

File /home/liyou/CAT/src-build/CMakeFiles/CMakeTmp/CheckSymbolExists.c:
/* */
#include <pthread.h>

int main(int argc, char** argv)
{
  (void)argv;
#ifndef pthread_create
  return ((int*)(&pthread_create))[argc];
#else
  (void)argc;
  return 0;
#endif
}

Determining if the function pthread_create exists in the pthreads failed with the following output:
Change Dir: /home/liyou/CAT/src-build/CMakeFiles/CMakeTmp

Run Build Command:"/usr/bin/make" "cmTC_e28c9/fast"
/usr/bin/make -f CMakeFiles/cmTC_e28c9.dir/build.make CMakeFiles/cmTC_e28c9.dir/build
make[1] : on entre dans le répertoire « /home/liyou/CAT/src-build/CMakeFiles/CMakeTmp »
Building C object CMakeFiles/cmTC_e28c9.dir/CheckFunctionExists.c.o
/usr/bin/cc    -DCHECK_FUNCTION_EXISTS=pthread_create   -o CMakeFiles/cmTC_e28c9.dir/CheckFunctionExists.c.o   -c /usr/share/cmake-3.5/Modules/CheckFunctionExists.c
Linking C executable cmTC_e28c9
/usr/bin/cmake -E cmake_link_script CMakeFiles/cmTC_e28c9.dir/link.txt --verbose=1
/usr/bin/cc   -DCHECK_FUNCTION_EXISTS=pthread_create    CMakeFiles/cmTC_e28c9.dir/CheckFunctionExists.c.o  -o cmTC_e28c9 -rdynamic -lpthreads 
/usr/bin/ld : ne peut trouver -lpthreads
collect2: error: ld returned 1 exit status
CMakeFiles/cmTC_e28c9.dir/build.make:97 : la recette pour la cible « cmTC_e28c9 » a échouée
make[1]: *** [cmTC_e28c9] Erreur 1
make[1] : on quitte le répertoire « /home/liyou/CAT/src-build/CMakeFiles/CMakeTmp »
Makefile:126 : la recette pour la cible « cmTC_e28c9/fast » a échouée
make: *** [cmTC_e28c9/fast] Erreur 2


